<?xml version="1.0" encoding="UTF-8"?>
<testsuite name="com.growth.task.TaskApplicationTests" tests="1" skipped="0" failures="0" errors="0" timestamp="2023-08-05T14:48:46" hostname="igyuwon-ui-MacBookAir.local" time="0.339">
  <properties/>
  <testcase name="contextLoads()" classname="com.growth.task.TaskApplicationTests" time="0.339"/>
  <system-out><![CDATA[23:48:45.188 [Test worker] INFO org.springframework.test.context.support.AnnotationConfigContextLoaderUtils -- Could not detect default configuration classes for test class [com.growth.task.TaskApplicationTests]: TaskApplicationTests does not declare any static, non-private, non-final, nested classes annotated with @Configuration.
23:48:45.231 [Test worker] INFO org.springframework.boot.test.context.SpringBootTestContextBootstrapper -- Found @SpringBootConfiguration com.growth.task.TaskApplication for test class com.growth.task.TaskApplicationTests

  .   ____          _            __ _ _
 /\\ / ___'_ __ _ _(_)_ __  __ _ \ \ \ \
( ( )\___ | '_ | '_| | '_ \/ _` | \ \ \ \
 \\/  ___)| |_)| | | | | || (_| |  ) ) ) )
  '  |____| .__|_| |_|_| |_\__, | / / / /
 =========|_|==============|___/=/_/_/_/
 :: Spring Boot ::                (v3.1.2)

2023-08-05T23:48:45.399+09:00  INFO 15667 --- [    Test worker] com.growth.task.TaskApplicationTests     : Starting TaskApplicationTests using Java 17.0.4.1 with PID 15667 (started by leekyuwon in /Users/leekyuwon/dev/taskgrow)
2023-08-05T23:48:45.400+09:00  INFO 15667 --- [    Test worker] com.growth.task.TaskApplicationTests     : No active profile set, falling back to 1 default profile: "default"
2023-08-05T23:48:45.641+09:00  INFO 15667 --- [    Test worker] .s.d.r.c.RepositoryConfigurationDelegate : Bootstrapping Spring Data JPA repositories in DEFAULT mode.
2023-08-05T23:48:45.649+09:00  INFO 15667 --- [    Test worker] .s.d.r.c.RepositoryConfigurationDelegate : Finished Spring Data repository scanning in 4 ms. Found 0 JPA repository interfaces.
2023-08-05T23:48:45.806+09:00  INFO 15667 --- [    Test worker] com.zaxxer.hikari.HikariDataSource       : HikariPool-1 - Starting...
2023-08-05T23:48:45.890+09:00  INFO 15667 --- [    Test worker] com.zaxxer.hikari.pool.HikariPool        : HikariPool-1 - Added connection conn0: url=jdbc:h2:mem:70907631-81cd-4617-9532-9d9b81866d11 user=SA
2023-08-05T23:48:45.891+09:00  INFO 15667 --- [    Test worker] com.zaxxer.hikari.HikariDataSource       : HikariPool-1 - Start completed.
2023-08-05T23:48:45.911+09:00  INFO 15667 --- [    Test worker] o.hibernate.jpa.internal.util.LogHelper  : HHH000204: Processing PersistenceUnitInfo [name: default]
2023-08-05T23:48:45.933+09:00  INFO 15667 --- [    Test worker] org.hibernate.Version                    : HHH000412: Hibernate ORM core version 6.2.6.Final
2023-08-05T23:48:45.937+09:00  INFO 15667 --- [    Test worker] org.hibernate.cfg.Environment            : HHH000406: Using bytecode reflection optimizer
2023-08-05T23:48:45.987+09:00  INFO 15667 --- [    Test worker] o.h.b.i.BytecodeProviderInitiator        : HHH000021: Bytecode provider name : bytebuddy
2023-08-05T23:48:46.045+09:00  INFO 15667 --- [    Test worker] o.s.o.j.p.SpringPersistenceUnitInfo      : No LoadTimeWeaver setup: ignoring JPA class transformer
2023-08-05T23:48:46.098+09:00  INFO 15667 --- [    Test worker] o.h.b.i.BytecodeProviderInitiator        : HHH000021: Bytecode provider name : bytebuddy
2023-08-05T23:48:46.191+09:00  INFO 15667 --- [    Test worker] o.h.e.t.j.p.i.JtaPlatformInitiator       : HHH000490: Using JtaPlatform implementation: [org.hibernate.engine.transaction.jta.platform.internal.NoJtaPlatform]
2023-08-05T23:48:46.193+09:00  INFO 15667 --- [    Test worker] j.LocalContainerEntityManagerFactoryBean : Initialized JPA EntityManagerFactory for persistence unit 'default'
2023-08-05T23:48:46.268+09:00  WARN 15667 --- [    Test worker] JpaBaseConfiguration$JpaWebConfiguration : spring.jpa.open-in-view is enabled by default. Therefore, database queries may be performed during view rendering. Explicitly configure spring.jpa.open-in-view to disable this warning
2023-08-05T23:48:46.430+09:00  INFO 15667 --- [    Test worker] com.growth.task.TaskApplicationTests     : Started TaskApplicationTests in 1.14 seconds (process running for 1.599)
]]></system-out>
  <system-err><![CDATA[]]></system-err>
</testsuite>
